<?xml version="1.0" encoding="UTF-8"?>
<testng-results ignored="0" total="2" passed="2" failed="0" skipped="0">
  <reporter-output>
  </reporter-output>
  <suite started-at="2023-03-10T01:13:20 CST" name="Default suite" finished-at="2023-03-10T01:13:40 CST" duration-ms="19645">
    <groups>
    </groups>
    <test started-at="2023-03-10T01:13:20 CST" name="Default test" finished-at="2023-03-10T01:13:40 CST" duration-ms="19645">
      <class name="testcases.LoginTest">
        <test-method is-config="true" signature="setupBrowser()[pri:0, instance:testcases.LoginTest@49912c99]" started-at="2023-03-10T01:13:23 CST" name="setupBrowser" finished-at="2023-03-10T01:13:32 CST" duration-ms="9382" status="PASS">
          <reporter-output>
          </reporter-output>
        </test-method> <!-- setupBrowser -->
        <test-method signature="loginToApplication(java.lang.String, java.lang.String)[pri:0, instance:testcases.LoginTest@49912c99]" started-at="2023-03-10T01:13:32 CST" name="loginToApplication" data-provider="loginDetails" finished-at="2023-03-10T01:13:33 CST" duration-ms="264" status="PASS">
          <params>
            <param index="0">
              <value>
                <![CDATA[ineuron@ineuron.ai]]>
              </value>
            </param>
            <param index="1">
              <value>
                <![CDATA[ineuron]]>
              </value>
            </param>
          </params>
          <reporter-output>
          </reporter-output>
        </test-method> <!-- loginToApplication -->
        <test-method is-config="true" signature="closeBrowser()[pri:0, instance:testcases.LoginTest@49912c99]" started-at="2023-03-10T01:13:33 CST" name="closeBrowser" finished-at="2023-03-10T01:13:33 CST" duration-ms="725" status="PASS">
          <reporter-output>
          </reporter-output>
        </test-method> <!-- closeBrowser -->
        <test-method is-config="true" signature="setupBrowser()[pri:0, instance:testcases.LoginTest@49912c99]" started-at="2023-03-10T01:13:33 CST" name="setupBrowser" finished-at="2023-03-10T01:13:39 CST" duration-ms="5259" status="PASS">
          <reporter-output>
          </reporter-output>
        </test-method> <!-- setupBrowser -->
        <test-method signature="loginToApplication(java.lang.String, java.lang.String)[pri:0, instance:testcases.LoginTest@49912c99]" started-at="2023-03-10T01:13:39 CST" name="loginToApplication" data-provider="loginDetails" finished-at="2023-03-10T01:13:39 CST" duration-ms="256" status="PASS">
          <params>
            <param index="0">
              <value>
                <![CDATA[admin@admin.com]]>
              </value>
            </param>
            <param index="1">
              <value>
                <![CDATA[admin]]>
              </value>
            </param>
          </params>
          <reporter-output>
          </reporter-output>
        </test-method> <!-- loginToApplication -->
        <test-method is-config="true" signature="closeBrowser()[pri:0, instance:testcases.LoginTest@49912c99]" started-at="2023-03-10T01:13:39 CST" name="closeBrowser" finished-at="2023-03-10T01:13:40 CST" duration-ms="723" status="PASS">
          <reporter-output>
          </reporter-output>
        </test-method> <!-- closeBrowser -->
      </class> <!-- testcases.LoginTest -->
    </test> <!-- Default test -->
  </suite> <!-- Default suite -->
</testng-results>
